<?xml version="1.0" encoding="UTF-8"?>
<testng-results skipped="0" failed="0" ignored="0" total="1" passed="1">
  <reporter-output>
  </reporter-output>
  <suite name="Suite" duration-ms="26624" started-at="2020-12-04T14:03:45 IST" finished-at="2020-12-04T14:04:11 IST">
    <groups>
    </groups>
    <test name="Test" duration-ms="26624" started-at="2020-12-04T14:03:45 IST" finished-at="2020-12-04T14:04:11 IST">
      <class name="Test1.LoginToAppmaker">
        <test-method status="PASS" signature="VerifyFrames()[pri:0, instance:Test1.LoginToAppmaker@57baeedf]" name="VerifyFrames" is-config="true" duration-ms="8249" started-at="2020-12-04T14:03:45 IST" finished-at="2020-12-04T14:03:53 IST">
          <reporter-output>
          </reporter-output>
        </test-method> <!-- VerifyFrames -->
        <test-method status="PASS" signature="VerifyLoginPage()[pri:2, instance:Test1.LoginToAppmaker@57baeedf]" name="VerifyLoginPage" duration-ms="18358" started-at="2020-12-04T14:03:53 IST" finished-at="2020-12-04T14:04:11 IST">
          <reporter-output>
          </reporter-output>
        </test-method> <!-- VerifyLoginPage -->
      </class> <!-- Test1.LoginToAppmaker -->
    </test> <!-- Test -->
  </suite> <!-- Suite -->
</testng-results>
